0 info it worked if it ends with ok
1 verbose cli [ 'C:\\Program Files\\nodejs\\node.exe',
1 verbose cli   'C:\\Program Files\\nodejs\\node_modules\\npm\\bin\\npm-cli.js',
1 verbose cli   'start',
1 verbose cli   'www/bin' ]
2 info using npm@3.8.9
3 info using node@v6.2.0
4 verbose run-script [ 'prestart', 'start', 'poststart' ]
5 info lifecycle CrewLinkAngularWebServer@0.0.0~prestart: CrewLinkAngularWebServer@0.0.0
6 silly lifecycle CrewLinkAngularWebServer@0.0.0~prestart: no script for prestart, continuing
7 info lifecycle CrewLinkAngularWebServer@0.0.0~start: CrewLinkAngularWebServer@0.0.0
8 verbose lifecycle CrewLinkAngularWebServer@0.0.0~start: unsafe-perm in lifecycle true
9 verbose lifecycle CrewLinkAngularWebServer@0.0.0~start: PATH: C:\Program Files\nodejs\node_modules\npm\bin\node-gyp-bin;E:\Angular Js 1 & 2 dasboard template\CrewLinkAngular@2\CrewLinkAngularWebServer_2\node_modules\.bin;C:\Program Files\nodejs;C:\Program Files (x86)\AMD APP\bin\x86_64;C:\Program Files (x86)\AMD APP\bin\x86;C:\Program Files\Dell\DW WLAN Card;C:\ProgramData\Oracle\Java\javapath;C:\WINDOWS\system32;C:\WINDOWS;C:\WINDOWS\System32\Wbem;C:\WINDOWS\System32\WindowsPowerShell\v1.0\;C:\Program Files\nodejs\;C:\Program Files\TortoiseSVN\bin;C:\Program Files\MongoDB\Server\3.2\bin;C:\Program Files\Microsoft SQL Server\130\Tools\Binn\;C:\Program Files (x86)\ATI Technologies\ATI.ACE\Core-Static;C:\Program Files\MariaDB 10.1\bin;C:\Program Files (x86)\Heroku\bin;C:\Program Files (x86)\git\cmd;C:\Program Files\Git\cmd;C:\Program Files\apache-maven-3.3.9\bin;C:\Program Files (x86)\Skype\Phone\;C:\Users\SANTOSH\AppData\Roaming\npm;C:\Program Files (x86)\Microsoft VS Code\bin;C:\Users\SANTOSH\AppData\Local\Microsoft\WindowsApps
10 verbose lifecycle CrewLinkAngularWebServer@0.0.0~start: CWD: E:\Angular Js 1 & 2 dasboard template\CrewLinkAngular@2\CrewLinkAngularWebServer_2
11 silly lifecycle CrewLinkAngularWebServer@0.0.0~start: Args: [ '/d /s /c', 'node ./bin/www "www/bin"' ]
12 silly lifecycle CrewLinkAngularWebServer@0.0.0~start: Returned: code: 1  signal: null
13 info lifecycle CrewLinkAngularWebServer@0.0.0~start: Failed to exec start script
14 verbose stack Error: CrewLinkAngularWebServer@0.0.0 start: `node ./bin/www "www/bin"`
14 verbose stack Exit status 1
14 verbose stack     at EventEmitter.<anonymous> (C:\Program Files\nodejs\node_modules\npm\lib\utils\lifecycle.js:245:16)
14 verbose stack     at emitTwo (events.js:106:13)
14 verbose stack     at EventEmitter.emit (events.js:191:7)
14 verbose stack     at ChildProcess.<anonymous> (C:\Program Files\nodejs\node_modules\npm\lib\utils\spawn.js:24:14)
14 verbose stack     at emitTwo (events.js:106:13)
14 verbose stack     at ChildProcess.emit (events.js:191:7)
14 verbose stack     at maybeClose (internal/child_process.js:850:16)
14 verbose stack     at Process.ChildProcess._handle.onexit (internal/child_process.js:215:5)
15 verbose pkgid CrewLinkAngularWebServer@0.0.0
16 verbose cwd E:\Angular Js 1 & 2 dasboard template\CrewLinkAngular@2\CrewLinkAngularWebServer_2
17 error Windows_NT 10.0.14393
18 error argv "C:\\Program Files\\nodejs\\node.exe" "C:\\Program Files\\nodejs\\node_modules\\npm\\bin\\npm-cli.js" "start" "www/bin"
19 error node v6.2.0
20 error npm  v3.8.9
21 error code ELIFECYCLE
22 error CrewLinkAngularWebServer@0.0.0 start: `node ./bin/www "www/bin"`
22 error Exit status 1
23 error Failed at the CrewLinkAngularWebServer@0.0.0 start script 'node ./bin/www "www/bin"'.
23 error Make sure you have the latest version of node.js and npm installed.
23 error If you do, this is most likely a problem with the CrewLinkAngularWebServer package,
23 error not with npm itself.
23 error Tell the author that this fails on your system:
23 error     node ./bin/www "www/bin"
23 error You can get information on how to open an issue for this project with:
23 error     npm bugs CrewLinkAngularWebServer
23 error Or if that isn't available, you can get their info via:
23 error     npm owner ls CrewLinkAngularWebServer
23 error There is likely additional logging output above.
24 verbose exit [ 1, true ]
